<?xml version="1.0" encoding="UTF-8"?>
<testng-results ignored="0" total="1" passed="0" failed="1" skipped="0">
  <reporter-output>
  </reporter-output>
  <suite started-at="2026-06-22T14:50:47 IST" name="Default suite" finished-at="2026-06-22T14:52:12 IST" duration-ms="84888">
    <groups>
    </groups>
    <test started-at="2026-06-22T14:50:47 IST" name="Default test" finished-at="2026-06-22T14:52:12 IST" duration-ms="84888">
      <class name="demowebshop.Books">
        <test-method is-config="true" signature="setUp()[pri:0, instance:demowebshop.Books@77fbd92c]" started-at="2026-06-22T14:50:48 IST" name="setUp" finished-at="2026-06-22T14:51:41 IST" duration-ms="53480" status="PASS">
          <reporter-output>
          </reporter-output>
        </test-method> <!-- setUp -->
        <test-method signature="removedBook()[pri:0, instance:demowebshop.Books@77fbd92c]" started-at="2026-06-22T14:51:41 IST" name="removedBook" finished-at="2026-06-22T14:52:12 IST" duration-ms="30351" status="FAIL">
          <exception class="com.microsoft.playwright.TimeoutError">
            <message>
              <![CDATA[Error {
  message='Timeout 30000ms exceeded.
  name='TimeoutError
  stack='TimeoutError: Timeout 30000ms exceeded.
    at ProgressController.run (C:\Users\Lenovo-3\AppData\Local\Temp\playwright-java-1060697975275148787\package\lib\server\progress.js:92:28)
    at FrameDispatcher._runCommand (C:\Users\Lenovo-3\AppData\Local\Temp\playwright-java-1060697975275148787\package\lib\server\dispatchers\dispatcher.js:91:31)
    at DispatcherConnection.dispatch (C:\Users\Lenovo-3\AppData\Local\Temp\playwright-java-1060697975275148787\package\lib\server\dispatchers\dispatcher.js:325:39)
}
Call log:
-   - navigating to "https://demowebshop.tricentis.com/", waiting until "load"
]]>
            </message>
            <full-stacktrace>
              <![CDATA[com.microsoft.playwright.TimeoutError: Error {
  message='Timeout 30000ms exceeded.
  name='TimeoutError
  stack='TimeoutError: Timeout 30000ms exceeded.
    at ProgressController.run (C:\Users\Lenovo-3\AppData\Local\Temp\playwright-java-1060697975275148787\package\lib\server\progress.js:92:28)
    at FrameDispatcher._runCommand (C:\Users\Lenovo-3\AppData\Local\Temp\playwright-java-1060697975275148787\package\lib\server\dispatchers\dispatcher.js:91:31)
    at DispatcherConnection.dispatch (C:\Users\Lenovo-3\AppData\Local\Temp\playwright-java-1060697975275148787\package\lib\server\dispatchers\dispatcher.js:325:39)
}
Call log:
-   - navigating to "https://demowebshop.tricentis.com/", waiting until "load"

at com.microsoft.playwright.impl.WaitableResult.get(WaitableResult.java:52)
at com.microsoft.playwright.impl.ChannelOwner.runUntil(ChannelOwner.java:138)
at com.microsoft.playwright.impl.Connection.sendMessage(Connection.java:131)
at com.microsoft.playwright.impl.ChannelOwner.sendMessage(ChannelOwner.java:124)
at com.microsoft.playwright.impl.FrameImpl.navigateImpl(FrameImpl.java:429)
at com.microsoft.playwright.impl.PageImpl.navigate(PageImpl.java:948)
at com.microsoft.playwright.impl.PageImpl.navigate(PageImpl.java:43)
at com.microsoft.playwright.Page.navigate(Page.java:5569)
at demowebshop.Books.removedBook(Books.java:26)
at java.base/jdk.internal.reflect.DirectMethodHandleAccessor.invoke(DirectMethodHandleAccessor.java:103)
at java.base/java.lang.reflect.Method.invoke(Method.java:580)
at org.testng.internal.invokers.MethodInvocationHelper.invokeMethod(MethodInvocationHelper.java:141)
at org.testng.internal.invokers.TestInvoker.invokeMethod(TestInvoker.java:697)
at org.testng.internal.invokers.TestInvoker.invokeTestMethod(TestInvoker.java:230)
at org.testng.internal.invokers.MethodRunner.runInSequence(MethodRunner.java:63)
at org.testng.internal.invokers.TestInvoker$MethodInvocationAgent.invoke(TestInvoker.java:1005)
at org.testng.internal.invokers.TestInvoker.invokeTestMethods(TestInvoker.java:203)
at org.testng.internal.invokers.TestMethodWorker.invokeTestMethods(TestMethodWorker.java:154)
at org.testng.internal.invokers.TestMethodWorker.run(TestMethodWorker.java:134)
at java.base/java.util.ArrayList.forEach(ArrayList.java:1596)
at org.testng.TestRunner.privateRun(TestRunner.java:744)
at org.testng.TestRunner.run(TestRunner.java:616)
at org.testng.SuiteRunner.runTest(SuiteRunner.java:421)
at org.testng.SuiteRunner.runSequentially(SuiteRunner.java:413)
at org.testng.SuiteRunner.privateRun(SuiteRunner.java:373)
at org.testng.SuiteRunner.run(SuiteRunner.java:312)
at org.testng.SuiteRunnerWorker.runSuite(SuiteRunnerWorker.java:52)
at org.testng.SuiteRunnerWorker.run(SuiteRunnerWorker.java:95)
at org.testng.TestNG.runSuitesSequentially(TestNG.java:1274)
at org.testng.TestNG.runSuitesLocally(TestNG.java:1208)
at org.testng.TestNG.runSuites(TestNG.java:1112)
at org.testng.TestNG.run(TestNG.java:1079)
at org.testng.remote.AbstractRemoteTestNG.run(AbstractRemoteTestNG.java:115)
at org.testng.remote.RemoteTestNG.initAndRun(RemoteTestNG.java:293)
at org.testng.remote.RemoteTestNG.main(RemoteTestNG.java:91)
Caused by: com.microsoft.playwright.TimeoutError: Error {
  message='Timeout 30000ms exceeded.
  name='TimeoutError
  stack='TimeoutError: Timeout 30000ms exceeded.
    at ProgressController.run (C:\Users\Lenovo-3\AppData\Local\Temp\playwright-java-1060697975275148787\package\lib\server\progress.js:92:28)
    at FrameDispatcher._runCommand (C:\Users\Lenovo-3\AppData\Local\Temp\playwright-java-1060697975275148787\package\lib\server\dispatchers\dispatcher.js:91:31)
    at DispatcherConnection.dispatch (C:\Users\Lenovo-3\AppData\Local\Temp\playwright-java-1060697975275148787\package\lib\server\dispatchers\dispatcher.js:325:39)
}
Call log:
-   - navigating to "https://demowebshop.tricentis.com/", waiting until "load"

at com.microsoft.playwright.impl.Connection.dispatch(Connection.java:257)
at com.microsoft.playwright.impl.Connection.processOneMessage(Connection.java:214)
at com.microsoft.playwright.impl.ChannelOwner.runUntil(ChannelOwner.java:136)
... 33 more
]]>
            </full-stacktrace>
          </exception> <!-- com.microsoft.playwright.TimeoutError -->
          <reporter-output>
          </reporter-output>
        </test-method> <!-- removedBook -->
        <test-method is-config="true" signature="closing()[pri:0, instance:demowebshop.Books@77fbd92c]" started-at="2026-06-22T14:52:12 IST" name="closing" finished-at="2026-06-22T14:52:12 IST" duration-ms="774" status="PASS">
          <reporter-output>
          </reporter-output>
        </test-method> <!-- closing -->
      </class> <!-- demowebshop.Books -->
    </test> <!-- Default test -->
  </suite> <!-- Default suite -->
</testng-results>
